
imported module /home/stefano/django/nodeshot/nodeshot/interoperability/synchronizers/ProvinciaBorders.pyc
Processing layer "provincia-borders"
Parsing data...
Parsed data...
provincia-di-roma
castel-madama
castelnuovo-di-porto
castel-san-pietro-romano
cave
cervara-di-roma
cerveteri
civitella-san-paolo
colonna
colleferro
fiano-romano
formello
frascati
gallicano-nel-lazio
gavignano
genazzano
genzano-di-roma
gorga
grottaferrata
guidonia-montecelio
jenne
labico
lanuvio
monte-porzio-catone
licenza
magliano-romano
mandela
manziana
marcellina
marino
mazzano-romano
mentana
monte-compatri
monteflavio
nazzano
montelanico
montelibretti
monterotondo
montorio-romano
nemi
moricone
morlupo
nerola
nettuno
riofreddo
olevano-romano
palestrina
palombara-sabina
percile
rocca-canterano
pisoniano
rocca-di-cave
poli
pomezia
ponzano-romano
riano
rignano-flaminio
rocca-di-papa
rocca-priora
sacrofano
san-gregorio-da-sassola
san-polo-dei-cavalieri
santa-marinella
santangelo-romano
santoreste
san-vito-romano
saracinesco
segni
subiaco
tivoli
tolfa
torrita-tiberina
vivaro-romano
zagarolo
trevignano-romano
vallepietra
vallinfreda
valmontone
velletri
vicovaro
lariano
ladispoli
ardea
ciampino
san-cesareo
fiumicino
fonte-nuova
filacciano
gerano
marano-equo
roccagiovine
rocca-santo-stefano
roiate
roma
roviano
sambuci
affile
agosta
albano-laziale
allumiere
anguillara-sabazia
arsoli
artena
capena
casape
cerreto-laziale
ciciliano
cineto-romano
civitavecchia
anticoli-corrado
anzio
arcinazzo-romano
ariccia
bellegra
bracciano
camerata-nuova
campagnano-di-roma
canale-monterano
canterano
capranica-prenestina
carpineto-romano
castel-gandolfo

            120 node added
            0 node changed
            1 node deleted
            1 node unmodified
            121 total external records processed
            120 total local records for this layer
        


